Determining if the pthread_create exist failed with the following output:
Change Dir: /home/aurorami/cartographer_ws/build_isolated/ceres-solver/devel/CMakeFiles/CMakeTmp

Run Build Command:"/usr/bin/ninja" "cmTC_c86cd"
[1/2] Building C object CMakeFiles/cmTC_c86cd.dir/CheckSymbolExists.c.o
[2/2] Linking C executable cmTC_c86cd
FAILED: cmTC_c86cd 
: && /usr/bin/cc   -rdynamic CMakeFiles/cmTC_c86cd.dir/CheckSymbolExists.c.o  -o cmTC_c86cd   && :
CMakeFiles/cmTC_c86cd.dir/CheckSymbolExists.c.o: In function `main':
CheckSymbolExists.c:(.text+0x1b): undefined reference to `pthread_create'
collect2: error: ld returned 1 exit status
ninja: build stopped: subcommand failed.

File /home/aurorami/cartographer_ws/build_isolated/ceres-solver/devel/CMakeFiles/CMakeTmp/CheckSymbolExists.c:
/* */
#include <pthread.h>

int main(int argc, char** argv)
{
  (void)argv;
#ifndef pthread_create
  return ((int*)(&pthread_create))[argc];
#else
  (void)argc;
  return 0;
#endif
}

Determining if the function pthread_create exists in the pthreads failed with the following output:
Change Dir: /home/aurorami/cartographer_ws/build_isolated/ceres-solver/devel/CMakeFiles/CMakeTmp

Run Build Command:"/usr/bin/ninja" "cmTC_3a0ac"
[1/2] Building C object CMakeFiles/cmTC_3a0ac.dir/CheckFunctionExists.c.o
[2/2] Linking C executable cmTC_3a0ac
FAILED: cmTC_3a0ac 
: && /usr/bin/cc -DCHECK_FUNCTION_EXISTS=pthread_create  -rdynamic CMakeFiles/cmTC_3a0ac.dir/CheckFunctionExists.c.o  -o cmTC_3a0ac  -lpthreads && :
/usr/bin/ld: cannot find -lpthreads
collect2: error: ld returned 1 exit status
ninja: build stopped: subcommand failed.


